<?xml version="1.0" encoding="UTF-8"?>
<!-- Generated by org.testng.reporters.JUnitReportReporter -->
<testsuite hostname="DESKTOP-QPFEMJR" failures="0" tests="1" name="testCases.LoginTest" time="1.714" errors="0" timestamp="2021-03-27T12:12:33 EDT" skipped="0">
  <testcase classname="testCases.LoginTest" name="loginAsWorker" time="1.714"/>
  <system-out/>
</testsuite> <!-- testCases.LoginTest -->
