<?xml version="1.0" encoding="UTF-8"?>
<!-- Generated by org.testng.reporters.JUnitReportReporter -->
<testsuite hostname="DESKTOP-QPFEMJR" failures="0" tests="1" name="testCases.CreateNewQuoteTest" time="2.771" errors="0" timestamp="2021-03-27T12:15:21 EDT" skipped="0">
  <testcase classname="testCases.CreateNewQuoteTest" name="CurtainTrackOnly" time="2.771"/>
  <system-out/>
</testsuite> <!-- testCases.CreateNewQuoteTest -->
