<?xml version="1.0" encoding="UTF-8"?>
<!-- Generated by org.testng.reporters.JUnitReportReporter -->
<testsuite hostname="DESKTOP-QPFEMJR" failures="0" tests="1" name="testCases.CreateNewQuoteTest" time="5.546" errors="0" timestamp="2021-03-27T18:08:26 EDT" skipped="0">
  <testcase classname="testCases.CreateNewQuoteTest" name="CurtainTrackOnly" time="5.546"/>
  <system-out/>
</testsuite> <!-- testCases.CreateNewQuoteTest -->
