<?xml version="1.0" encoding="UTF-8"?>
<!-- Generated by org.testng.reporters.JUnitReportReporter -->
<testsuite hostname="DESKTOP-QPFEMJR" failures="0" tests="5" name="testCases.LoginTest" time="1.853" errors="0" timestamp="2021-03-29T00:46:59 EDT" skipped="4">
  <testcase classname="testCases.LoginTest" name="loginAsWorker" time="0.007">
    <skipped/>
  </testcase> <!-- loginAsWorker -->
  <system-out>
LOGINASWORKER   checking  test  case run mode. if run mode is no: test will be skipped. loginAsWorker   test is  skipped the test as run mode is no   </system-out>
  <testcase classname="testCases.LoginTest" name="loginAsWorker" time="0.002">
    <skipped/>
  </testcase> <!-- loginAsWorker -->
  <system-out>
LOGINASWORKER   checking  test  case run mode. if run mode is no: test will be skipped. loginAsWorker   test is  skipped the test as run mode is no   </system-out>
  <testcase classname="testCases.LoginTest" name="loginAsWorker" time="0.003">
    <skipped/>
  </testcase> <!-- loginAsWorker -->
  <system-out>
LOGINASWORKER   checking  test  case run mode. if run mode is no: test will be skipped. loginAsWorker   test is  skipped the test as run mode is no   </system-out>
  <testcase classname="testCases.LoginTest" name="loginAsWorker" time="1.840"/>
  <system-out>
LOGINASWORKER   checking  test  case run mode. if run mode is no: test will be skipped.  valid email is entered valid passwords is entering Succefully entering main page. loginAsWorker   test is succefully tested  </system-out>
  <testcase classname="testCases.LoginTest" name="loginAsWorker" time="0.001">
    <skipped/>
  </testcase> <!-- loginAsWorker -->
  <system-out>
LOGINASWORKER   checking  test  case run mode. if run mode is no: test will be skipped. loginAsWorker   test is  skipped the test as run mode is no   </system-out>
</testsuite> <!-- testCases.LoginTest -->
