<?xml version="1.0" encoding="UTF-8"?>
<!-- Generated by org.testng.reporters.JUnitReportReporter -->
<testsuite hostname="DESKTOP-QPFEMJR" failures="0" tests="1" name="testCases.CreateNewQuoteTest" time="4.598" errors="0" timestamp="2021-03-28T11:48:20 EDT" skipped="0">
  <testcase classname="testCases.CreateNewQuoteTest" name="CurtainTrackOnly" time="4.598"/>
  <system-out>
CurtainTrackOnly   test is succefully tested  </system-out>
</testsuite> <!-- testCases.CreateNewQuoteTest -->
