<?xml version="1.0" encoding="UTF-8"?>
<!-- Generated by org.testng.reporters.JUnitReportReporter -->
<testsuite hostname="DESKTOP-QPFEMJR" failures="0" tests="1" name="testCases.CreateNewQuoteTest" time="4.719" errors="0" timestamp="2021-03-29T00:46:59 EDT" skipped="0">
  <testcase classname="testCases.CreateNewQuoteTest" name="CurtainTrackOnly" time="4.719"/>
  <system-out>
CURTAINTRACKONLY   checking  test  case run mode. if run mode is no: test will be skipped. Dropdown has been selected! CurtainTrackOnly   test is succefully tested  </system-out>
</testsuite> <!-- testCases.CreateNewQuoteTest -->
