<?xml version="1.0" encoding="UTF-8"?>
<!-- Generated by org.testng.reporters.JUnitReportReporter -->
<testsuite hostname="DESKTOP-QPFEMJR" failures="0" tests="1" name="testCases.LoginTest" time="0.706" errors="0" timestamp="2021-03-28T11:57:46 EDT" skipped="0">
  <testcase classname="testCases.LoginTest" name="loginAsWorker" time="0.706"/>
  <system-out>
 valid email is entered valid passwords is entering Succefully entering main page. loginAsWorker   test is succefully tested  </system-out>
</testsuite> <!-- testCases.LoginTest -->
