<?xml version="1.0" encoding="UTF-8"?>
<!-- Generated by org.testng.reporters.JUnitReportReporter -->
<testsuite hostname="DESKTOP-QPFEMJR" failures="0" tests="1" name="testCases.CreateNewQuoteTest" time="0.000" errors="0" timestamp="2021-03-28T09:50:44 EDT" skipped="1">
  <testcase classname="testCases.CreateNewQuoteTest" name="CurtainTrackOnly" time="0.000">
    <skipped/>
  </testcase> <!-- CurtainTrackOnly -->
  <system-out>
CurtainTrackOnly   test is  skipped  </system-out>
</testsuite> <!-- testCases.CreateNewQuoteTest -->
